<?xml version="1.0" encoding="UTF-8"?>
<!-- Generated by org.testng.reporters.JUnitXMLReporter -->
<testsuite hostname="MacBook-Pro.local" ignored="0" name="mooc_selenium" tests="5" failures="1" timestamp="31 十月 2019 08:09:36 GMT" time="10.308" errors="0">
  <testcase name="getLoginHome" time="8.613" classname="com.selenium.testCase.Login"/>
  <testcase name="testLogin" time="0.0" classname="com.selenium.testCase.Login">
    <failure type="org.testng.TestNGException" message="
Parameter &amp;apos;uname&amp;apos; is required by @Test on method testLogin but has not been marked @Optional or defined
in /Users/wanglx/Library/Caches/IntelliJIdea2018.1/temp-testng-customsuite.xml">
      <![CDATA[org.testng.TestNGException: 
Parameter 'uname' is required by @Test on method testLogin but has not been marked @Optional or defined
in /Users/wanglx/Library/Caches/IntelliJIdea2018.1/temp-testng-customsuite.xml
... Removed 22 stack frames]]>
    </failure>
  </testcase> <!-- testLogin -->
  <testcase name="TestBuyNow" time="0.0" classname="com.selenium.testCase.Login">
    <skipped/>
  </testcase> <!-- TestBuyNow -->
  <testcase name="TestSureOrder" time="0.0" classname="com.selenium.testCase.Login">
    <skipped/>
  </testcase> <!-- TestSureOrder -->
  <testcase name="TestGoPay" time="0.0" classname="com.selenium.testCase.Login">
    <skipped/>
  </testcase> <!-- TestGoPay -->
</testsuite> <!-- mooc_selenium -->
