<?xml version="1.0" encoding="UTF-8"?>
<!-- Generated by org.testng.reporters.JUnitReportReporter -->
<testsuite skipped="3" hostname="MacBook-Pro.local" name="com.selenium.testCase.Login" tests="5" failures="0" timestamp="31 十月 2019 08:09:36 GMT" time="8.613" errors="1">
  <testcase name="getLoginHome" time="8.613" classname="com.selenium.testCase.Login"/>
  <testcase name="testLogin" time="0.000" classname="com.selenium.testCase.Login">
    <error type="org.testng.TestNGException" message="
Parameter &#039;uname&#039; is required by @Test on method testLogin but has not been marked @Optional or defined
in /Users/wanglx/Library/Caches/IntelliJIdea2018.1/temp-testng-customsuite.xml">
      <![CDATA[org.testng.TestNGException: 
Parameter 'uname' is required by @Test on method testLogin but has not been marked @Optional or defined
in /Users/wanglx/Library/Caches/IntelliJIdea2018.1/temp-testng-customsuite.xml
	at org.testng.internal.Parameters.createParameters(Parameters.java:199)
	at org.testng.internal.Parameters.createParameters(Parameters.java:443)
	at org.testng.internal.Parameters.handleParameters(Parameters.java:569)
	at org.testng.internal.Invoker.handleParameters(Invoker.java:1308)
	at org.testng.internal.Invoker.createParameters(Invoker.java:1036)
	at org.testng.internal.Invoker.invokeTestMethods(Invoker.java:1126)
	at org.testng.internal.TestMethodWorker.invokeTestMethods(TestMethodWorker.java:126)
	at org.testng.internal.TestMethodWorker.run(TestMethodWorker.java:109)
	at org.testng.TestRunner.privateRun(TestRunner.java:744)
	at org.testng.TestRunner.run(TestRunner.java:602)
	at org.testng.SuiteRunner.runTest(SuiteRunner.java:380)
	at org.testng.SuiteRunner.runSequentially(SuiteRunner.java:375)
	at org.testng.SuiteRunner.privateRun(SuiteRunner.java:340)
	at org.testng.SuiteRunner.run(SuiteRunner.java:289)
	at org.testng.SuiteRunnerWorker.runSuite(SuiteRunnerWorker.java:52)
	at org.testng.SuiteRunnerWorker.run(SuiteRunnerWorker.java:86)
	at org.testng.TestNG.runSuitesSequentially(TestNG.java:1301)
	at org.testng.TestNG.runSuitesLocally(TestNG.java:1226)
	at org.testng.TestNG.runSuites(TestNG.java:1144)
	at org.testng.TestNG.run(TestNG.java:1115)
	at org.testng.IDEARemoteTestNG.run(IDEARemoteTestNG.java:72)
	at org.testng.RemoteTestNGStarter.main(RemoteTestNGStarter.java:123)
]]>
    </error>
  </testcase> <!-- testLogin -->
  <testcase name="TestGoPay" time="0.000" classname="com.selenium.testCase.Login">
    <skipped/>
  </testcase> <!-- TestGoPay -->
  <testcase name="TestSureOrder" time="0.000" classname="com.selenium.testCase.Login">
    <skipped/>
  </testcase> <!-- TestSureOrder -->
  <testcase name="TestBuyNow" time="0.000" classname="com.selenium.testCase.Login">
    <skipped/>
  </testcase> <!-- TestBuyNow -->
</testsuite> <!-- com.selenium.testCase.Login -->
